#
# There is insufficient memory for the Java Runtime Environment to continue.
# Native memory allocation (mmap) failed to map 130023424 bytes. Error detail: G1 virtual space
# Possible reasons:
#   The system is out of physical RAM or swap space
#   This process is running with CompressedOops enabled, and the Java Heap may be blocking the growth of the native heap
# Possible solutions:
#   Reduce memory load on the system
#   Increase physical memory or swap space
#   Check if swap backing store is full
#   Decrease Java heap size (-Xmx/-Xms)
#   Decrease number of Java threads
#   Decrease Java thread stack sizes (-Xss)
#   Set larger code cache with -XX:ReservedCodeCacheSize=
#   JVM is running with Unscaled Compressed Oops mode in which the Java heap is
#     placed in the first 4GB address space. The Java Heap base address is the
#     maximum limit for the native heap growth. Please use -XX:HeapBaseMinAddress
#     to set the Java Heap base and to place the Java Heap above 4GB virtual address.
# This output file may be truncated or incomplete.
#
#  Out of Memory Error (os_windows.cpp:3631), pid=15764, tid=15464
#
# JRE version:  (22.0.1+8) (build )
# Java VM: Java HotSpot(TM) 64-Bit Server VM (22.0.1+8-16, mixed mode, emulated-client, sharing, tiered, compressed oops, compressed class ptrs, g1 gc, windows-amd64)
# No core dump will be written. Minidumps are not enabled by default on client versions of Windows
#

---------------  S U M M A R Y ------------

Command Line: -Dcom.sun.management.jmxremote -Dcom.sun.management.jmxremote.port=53405 -Dcom.sun.management.jmxremote.authenticate=false -Dcom.sun.management.jmxremote.ssl=false -Djava.rmi.server.hostname=localhost -Dspring.jmx.enabled=true -Dmanagement.endpoints.jmx.exposure.include=* -Dspring.application.admin.enabled=true -Dspring.output.ansi.enabled=always -XX:TieredStopAtLevel=1 -Dspring.boot.project.name=insurai-backend -Dfile.encoding=UTF-8 -Dstdout.encoding=UTF-8 -Dstderr.encoding=UTF-8 -XX:+ShowCodeDetailsInExceptionMessages com.insurai.insurai_backend.InsuraiBackendApplication

Host: 11th Gen Intel(R) Core(TM) i5-1135G7 @ 2.40GHz, 8 cores, 7G,  Windows 11 , 64 bit Build 26100 (10.0.26100.7309)
Time: Fri Dec 19 13:04:45 2025 India Standard Time elapsed time: 0.035430 seconds (0d 0h 0m 0s)

---------------  T H R E A D  ---------------

Current thread (0x000001db99dcd810):  JavaThread "Unknown thread" [_thread_in_vm, id=15464, stack(0x000000a5bad00000,0x000000a5bae00000) (1024K)]

Stack: [0x000000a5bad00000,0x000000a5bae00000]
Native frames: (J=compiled Java code, j=interpreted, Vv=VM code, C=native code)
V  [jvm.dll+0x6e2279]  (no source info available)
V  [jvm.dll+0x874e33]  (no source info available)
V  [jvm.dll+0x87725e]  (no source info available)
V  [jvm.dll+0x877933]  (no source info available)
V  [jvm.dll+0x27fd76]  (no source info available)
V  [jvm.dll+0x6de915]  (no source info available)
V  [jvm.dll+0x6d341a]  (no source info available)
V  [jvm.dll+0x3589da]  (no source info available)
V  [jvm.dll+0x360f06]  (no source info available)
V  [jvm.dll+0x3b3e2e]  (no source info available)
V  [jvm.dll+0x3b40d8]  (no source info available)
V  [jvm.dll+0x32c59c]  (no source info available)
V  [jvm.dll+0x32d158]  (no source info available)
V  [jvm.dll+0x83ccdc]  (no source info available)
V  [jvm.dll+0x3c0d71]  (no source info available)
V  [jvm.dll+0x825ccc]  (no source info available)
V  [jvm.dll+0x45b8fe]  (no source info available)
V  [jvm.dll+0x45d781]  (no source info available)
C  [jli.dll+0x52a3]  (no source info available)
C  [ucrtbase.dll+0x37b0]  (no source info available)
C  [KERNEL32.DLL+0x2e8d7]  (no source info available)
C  [ntdll.dll+0x8c53c]  (no source info available)


---------------  P R O C E S S  ---------------

Threads class SMR info:
_java_thread_list=0x00007ffd44f9b1c8, length=0, elements={
}

Java Threads: ( => current thread )
Total: 0

Other Threads:
  0x000001db9bff74e0 WorkerThread "GC Thread#0"                     [id=29856, stack(0x000000a5bae00000,0x000000a5baf00000) (1024K)]
  0x000001db9c009ad0 ConcurrentGCThread "G1 Main Marker"            [id=34428, stack(0x000000a5baf00000,0x000000a5bb000000) (1024K)]
  0x000001db9c00bb40 WorkerThread "G1 Conc#0"                       [id=19512, stack(0x000000a5bb000000,0x000000a5bb100000) (1024K)]

[error occurred during error reporting (printing all threads), id 0xc0000005, EXCEPTION_ACCESS_VIOLATION (0xc0000005) at pc=0x00007ffd446ef367]
VM state: not at safepoint (not fully initialized)

VM Mutex/Monitor currently owned by a thread:  ([mutex/lock_event])
[0x00007ffd4501bcb8] Heap_lock - owner thread: 0x000001db99dcd810

Heap address: 0x0000000084200000, size: 1982 MB, Compressed Oops mode: 32-bit

CDS archive(s) mapped at: [0x0000000000000000-0x0000000000000000-0x0000000000000000), size 0, SharedBaseAddress: 0x0000000800000000, ArchiveRelocationMode: 1.
Narrow klass base: 0x0000000000000000, Narrow klass shift: 0, Narrow klass range: 0x0

GC Precious Log:
 CardTable entry size: 512
 Card Set container configuration: InlinePtr #cards 5 size 8 Array Of Cards #cards 12 size 40 Howl #buckets 4 coarsen threshold 1843 Howl Bitmap #cards 512 size 80 coarsen threshold 460 Card regions per heap region 1 cards per card region 2048

Heap:
 garbage-first heap   total reserved 2029568K, committed 0K, used 0K [0x0000000084200000, 0x0000000100000000)
  region size 1024K, 0 young (0K), 0 survivors (0K)

[error occurred during error reporting (printing heap information), id 0xc0000005, EXCEPTION_ACCESS_VIOLATION (0xc0000005) at pc=0x00007ffd44aee429]
GC Heap History (0 events):
No events

Dll operation events (1 events):
Event: 0.026 Loaded shared library C:\Program Files\Java\jdk-22\bin\java.dll

Deoptimization events (0 events):
No events

Classes loaded (0 events):
No events

Classes unloaded (0 events):
No events

Classes redefined (0 events):
No events

Internal exceptions (0 events):
No events

ZGC Phase Switch (0 events):
No events

VM Operations (0 events):
No events

Events (0 events):
No events


Dynamic libraries:
0x00007ff6b4aa0000 - 0x00007ff6b4ab0000 	C:\Program Files\Java\jdk-22\bin\javaw.exe
0x00007ffddf920000 - 0x00007ffddfb87000 	C:\WINDOWS\SYSTEM32\ntdll.dll
0x00007ffddf260000 - 0x00007ffddf329000 	C:\WINDOWS\System32\KERNEL32.DLL
0x00007ffddcb30000 - 0x00007ffddcf1f000 	C:\WINDOWS\System32\KERNELBASE.dll
0x00007ffdd9740000 - 0x00007ffdd97df000 	C:\WINDOWS\SYSTEM32\apphelp.dll
0x00007ffddd210000 - 0x00007ffddd35b000 	C:\WINDOWS\System32\ucrtbase.dll
0x00007ffdb1fc0000 - 0x00007ffdb1fdb000 	C:\Program Files\Java\jdk-22\bin\VCRUNTIME140.dll
0x00007ffdb1cf0000 - 0x00007ffdb1d07000 	C:\Program Files\Java\jdk-22\bin\jli.dll
0x00007ffddda80000 - 0x00007ffdddb34000 	C:\WINDOWS\System32\ADVAPI32.dll
0x00007ffddf660000 - 0x00007ffddf709000 	C:\WINDOWS\System32\msvcrt.dll
0x00007ffddf5b0000 - 0x00007ffddf656000 	C:\WINDOWS\System32\sechost.dll
0x00007ffdddb40000 - 0x00007ffdddc58000 	C:\WINDOWS\System32\RPCRT4.dll
0x00007ffddf710000 - 0x00007ffddf8d5000 	C:\WINDOWS\System32\USER32.dll
0x00007ffddcfc0000 - 0x00007ffddcfe7000 	C:\WINDOWS\System32\win32u.dll
0x00007ffdddc60000 - 0x00007ffdddc8b000 	C:\WINDOWS\System32\GDI32.dll
0x00007ffdc5f30000 - 0x00007ffdc61c3000 	C:\WINDOWS\WinSxS\amd64_microsoft.windows.common-controls_6595b64144ccf1df_6.0.26100.7309_none_3e05feeae336a044\COMCTL32.dll
0x00007ffddd360000 - 0x00007ffddd48c000 	C:\WINDOWS\System32\gdi32full.dll
0x00007ffddd610000 - 0x00007ffddd6b3000 	C:\WINDOWS\System32\msvcp_win.dll
0x00007ffdcbb40000 - 0x00007ffdcbb4b000 	C:\WINDOWS\SYSTEM32\VERSION.dll
0x00007ffddf420000 - 0x00007ffddf451000 	C:\WINDOWS\System32\IMM32.DLL
0x00007ffdd9650000 - 0x00007ffdd965c000 	C:\Program Files\Java\jdk-22\bin\vcruntime140_1.dll
0x00007ffd8a1c0000 - 0x00007ffd8a24e000 	C:\Program Files\Java\jdk-22\bin\msvcp140.dll
0x00007ffd443b0000 - 0x00007ffd450f7000 	C:\Program Files\Java\jdk-22\bin\server\jvm.dll
0x00007ffdde2d0000 - 0x00007ffdde344000 	C:\WINDOWS\System32\WS2_32.dll
0x00007ffddc8d0000 - 0x00007ffddc92e000 	C:\WINDOWS\SYSTEM32\POWRPROF.dll
0x00007ffdd4150000 - 0x00007ffdd4185000 	C:\WINDOWS\SYSTEM32\WINMM.dll
0x00007ffddc8a0000 - 0x00007ffddc8b4000 	C:\WINDOWS\SYSTEM32\UMPDC.dll
0x00007ffddb820000 - 0x00007ffddb83b000 	C:\WINDOWS\SYSTEM32\kernel.appcore.dll
0x00007ffdbe380000 - 0x00007ffdbe38a000 	C:\Program Files\Java\jdk-22\bin\jimage.dll
0x00007ffdda0f0000 - 0x00007ffdda332000 	C:\WINDOWS\SYSTEM32\DBGHELP.DLL
0x00007ffdddf40000 - 0x00007ffdde2c5000 	C:\WINDOWS\System32\combase.dll
0x00007ffddd8a0000 - 0x00007ffddd976000 	C:\WINDOWS\System32\OLEAUT32.dll
0x00007ffdc1520000 - 0x00007ffdc155c000 	C:\WINDOWS\SYSTEM32\dbgcore.DLL
0x00007ffddcff0000 - 0x00007ffddd095000 	C:\WINDOWS\System32\bcryptPrimitives.dll
0x00007ffdaaff0000 - 0x00007ffdab00e000 	C:\Program Files\Java\jdk-22\bin\java.dll
0x00007ffddeb00000 - 0x00007ffddf253000 	C:\WINDOWS\System32\SHELL32.dll
0x00007ffddd0a0000 - 0x00007ffddd20a000 	C:\WINDOWS\System32\wintypes.dll
0x00007ffdde350000 - 0x00007ffdde4e7000 	C:\WINDOWS\System32\ole32.dll

dbghelp: loaded successfully - version: 4.0.5 - missing functions: none
symbol engine: initialized successfully - sym options: 0x614 - pdb path: .;C:\Program Files\Java\jdk-22\bin;C:\WINDOWS\SYSTEM32;C:\WINDOWS\WinSxS\amd64_microsoft.windows.common-controls_6595b64144ccf1df_6.0.26100.7309_none_3e05feeae336a044;C:\Program Files\Java\jdk-22\bin\server

VM Arguments:
jvm_args: -Dcom.sun.management.jmxremote -Dcom.sun.management.jmxremote.port=53405 -Dcom.sun.management.jmxremote.authenticate=false -Dcom.sun.management.jmxremote.ssl=false -Djava.rmi.server.hostname=localhost -Dspring.jmx.enabled=true -Dmanagement.endpoints.jmx.exposure.include=* -Dspring.application.admin.enabled=true -Dspring.output.ansi.enabled=always -XX:TieredStopAtLevel=1 -Dspring.boot.project.name=insurai-backend -Dfile.encoding=UTF-8 -Dstdout.encoding=UTF-8 -Dstderr.encoding=UTF-8 -XX:+ShowCodeDetailsInExceptionMessages 
java_command: com.insurai.insurai_backend.InsuraiBackendApplication
java_class_path (initial): C:\Users\91933\Downloads\InsurAI-Corporate-Policy-Automation-and-Intelligence-System-main\InsurAi\insurai-backend\target\classes;C:\Users\91933\.m2\repository\org\springframework\boot\spring-boot-starter-data-jpa\3.5.5\spring-boot-starter-data-jpa-3.5.5.jar;C:\Users\91933\.m2\repository\org\springframework\boot\spring-boot-starter\3.5.5\spring-boot-starter-3.5.5.jar;C:\Users\91933\.m2\repository\org\springframework\boot\spring-boot\3.5.5\spring-boot-3.5.5.jar;C:\Users\91933\.m2\repository\org\springframework\boot\spring-boot-autoconfigure\3.5.5\spring-boot-autoconfigure-3.5.5.jar;C:\Users\91933\.m2\repository\org\springframework\boot\spring-boot-starter-logging\3.5.5\spring-boot-starter-logging-3.5.5.jar;C:\Users\91933\.m2\repository\ch\qos\logback\logback-classic\1.5.18\logback-classic-1.5.18.jar;C:\Users\91933\.m2\repository\ch\qos\logback\logback-core\1.5.18\logback-core-1.5.18.jar;C:\Users\91933\.m2\repository\org\apache\logging\log4j\log4j-to-slf4j\2.24.3\log4j-to-slf4j-2.24.3.jar;C:\Users\91933\.m2\repository\org\apache\logging\log4j\log4j-api\2.24.3\log4j-api-2.24.3.jar;C:\Users\91933\.m2\repository\org\slf4j\jul-to-slf4j\2.0.17\jul-to-slf4j-2.0.17.jar;C:\Users\91933\.m2\repository\jakarta\annotation\jakarta.annotation-api\2.1.1\jakarta.annotation-api-2.1.1.jar;C:\Users\91933\.m2\repository\org\yaml\snakeyaml\2.4\snakeyaml-2.4.jar;C:\Users\91933\.m2\repository\org\springframework\boot\spring-boot-starter-jdbc\3.5.5\spring-boot-starter-jdbc-3.5.5.jar;C:\Users\91933\.m2\repository\com\zaxxer\HikariCP\6.3.2\HikariCP-6.3.2.jar;C:\Users\91933\.m2\repository\org\springframework\spring-jdbc\6.2.10\spring-jdbc-6.2.10.jar;C:\Users\91933\.m2\repository\org\hibernate\orm\hibernate-core\6.6.26.Final\hibernate-core-6.6.26.Final.jar;C:\Users\91933\.m2\repository\jakarta\persistence\jakarta.persistence-api\3.1.0\jakarta.persistence-api-3.1.0.jar;C:\Users\91933\.m2\repository\jakarta\transaction\jakarta.transaction-api\2.0.1\jakarta.transaction-api-2.0.1.jar;C:\Users\91933\.m2\repository\org\jboss\logging\jboss-logging\3.6.1.Final\jboss-logging-3.6.1.Final.jar;C:\Users\91933\.m2\repository\org\hibernate\common\hibernate-commons-annotations\7.0.3.Final\hibernate-commons-annotations-7.0.3.Final.jar;C:\Users\91933\.m2\repository\io\smallrye\jandex\3.2.0\jandex-3.2.0.jar;C:\Users\91933\.m2\repository\com\fasterxml\classmate\1.7.0\classmate-1.7.0.jar;C:\Users\91933\.m2\repository\net\bytebuddy\byte-buddy\1.17.7\byte-buddy-1.17.7.jar;C:\Users\91933\.m2\repository\org\glassfish\jaxb\jaxb-runtime\4.0.5\jaxb-runtime-4.0.5.jar;C:\Users\91933\.m2\repository\org\glassfish\jaxb\jaxb-core\4.0.5\jaxb-core-4.0.5.jar;C:\Users\91933\.m2\repository\org\glassfish\jaxb\txw2\4.0.5\txw2-4.0.5.jar;C:\Users\91933\.m2\repository\com\sun\istack\istack-commons-runtime\4.1.2\istack-commons-runtime-4.1.2.jar;C:\Users\91933\.m2\repository\jakarta\inject\jakarta.inject-api\2.0.1\jakarta.inject-api-2.0.1.jar;C:\Users\91933\.m2\repository\org\antlr\antlr4-runtime\4.13.0\antlr4-runtime-4.13.0.jar;C:\Users\91933\.m2\repository\org\springframework\data\spring-data-jpa\3.5.3\spring-data-jpa-3.5.3.jar;C:\Users\91933\.m2\repository\org\springframework\data\spring-data-commons\3.5.3\spring-data-commons-3.5.3.jar;C:\Users\91933\.m2\repository\org\springframework\spring-orm\6.2.10\spring-orm-6.2.10.jar;C:\Users\91933\.m2\repository\org\springframework\spring-context\6.2.10\spring-context-6.2.10.jar;C:\Users\91933\.m2\repository\org\springframework\spring-tx\6.2.10\spring-tx-6.2.10.jar;C:\Users\91933\.m2\repository\org\springframework\spring-beans\6.2.10\spring-beans-6.2.10.jar;C:\Users\91933\.m2\repository\org\slf4j\slf4j-api\2.0.17\slf4j-api-2.0.17.jar;C:\Users\91933\.m2\repository\org\springframework\spring-aspects\6.2.10\spring-aspects-6.2.10.jar;C:\Users\91933\.m2\repository\org\aspectj\aspectjweaver\1.9.24\aspectjweaver-1.9.24.jar;C:\Users\91933\.m2\repository\org\springframework\boot\spring-boot-starter-security\3.5.5\spring-boot-starter-security-3.5.5.jar;C:\Users\91933\.m2\repository\org\springframework\spring-aop\6.2.10\spring-aop-6.2.10.jar;C:\Users\91933\.m2\repository\org\springframework\security\spring-security-config\6.5.3\spring-security-config-6.5.3.jar;C:\Users\91933\.m2\repository\org\springframework\security\spring-security-web\6.5.3\spring-security-web-6.5.3.jar;C:\Users\91933\.m2\repository\org\springframework\spring-expression\6.2.10\spring-expression-6.2.10.jar;C:\Users\91933\.m2\repository\org\springframework\boot\spring-boot-starter-validation\3.5.5\spring-boot-starter-validation-3.5.5.jar;C:\Users\91933\.m2\repository\org\apache\tomcat\embed\tomcat-embed-el\10.1.44\tomcat-embed-el-10.1.44.jar;C:\Users\91933\.m2\repository\org\hibernate\validator\hibernate-validator\8.0.3.Final\hibernate-validator-8.0.3.Final.jar;C:\Users\91933\.m2\repository\jakarta\validation\jakarta.validation-api\3.0.2\jakarta.validation-api-3.0.2.jar;C:\Users\91933\.m2\repository\org\springframework\boot\spring-boot-starter-web\3.5.5\spring-boot-starter-web-3.5.5.jar;C:\Users\91933\.m2\repository\org\springframework\boot\spring-boot-starter-json\3.5.5\spring-boot-starter-json-3.5.5.jar;C:\Users\91933\.m2\repository\com\fasterxml\jackson\datatype\jackson-datatype-jdk8\2.19.2\jackson-datatype-jdk8-2.19.2.jar;C:\Users\91933\.m2\repository\com\fasterxml\jackson\datatype\jackson-datatype-jsr310\2.19.2\jackson-datatype-jsr310-2.19.2.jar;C:\Users\91933\.m2\repository\com\fasterxml\jackson\module\jackson-module-parameter-names\2.19.2\jackson-module-parameter-names-2.19.2.jar;C:\Users\91933\.m2\repository\org\springframework\boot\spring-boot-starter-tomcat\3.5.5\spring-boot-starter-tomcat-3.5.5.jar;C:\Users\91933\.m2\repository\org\apache\tomcat\embed\tomcat-embed-core\10.1.44\tomcat-embed-core-10.1.44.jar;C:\Users\91933\.m2\repository\org\apache\tomcat\embed\tomcat-embed-websocket\10.1.44\tomcat-embed-websocket-10.1.44.jar;C:\Users\91933\.m2\repository\org\springframework\spring-web\6.2.10\spring-web-6.2.10.jar;C:\Users\91933\.m2\repository\io\micrometer\micrometer-observation\1.15.3\micrometer-observation-1.15.3.jar;C:\Users\91933\.m2\repository\io\micrometer\micrometer-commons\1.15.3\micrometer-commons-1.15.3.jar;C:\Users\91933\.m2\repository\org\springframework\spring-webmvc\6.2.10\spring-webmvc-6.2.10.jar;C:\Users\91933\.m2\repository\com\mysql\mysql-connector-j\9.4.0\mysql-connector-j-9.4.0.jar;C:\Users\91933\.m2\repository\org\projectlombok\lombok\1.18.38\lombok-1.18.38.jar;C:\Users\91933\.m2\repository\jakarta\xml\bind\jakarta.xml.bind-api\4.0.2\jakarta.xml.bind-api-4.0.2.jar;C:\Users\91933\.m2\repository\jakarta\activation\jakarta.activation-api\2.1.3\jakarta.activation-api-2.1.3.jar;C:\Users\91933\.m2\repository\org\springframework\spring-core\6.2.10\spring-core-6.2.10.jar;C:\Users\91933\.m2\repository\org\springframework\spring-jcl\6.2.10\spring-jcl-6.2.10.jar;C:\Users\91933\.m2\repository\org\springframework\security\spring-security-core\6.5.3\spring-security-core-6.5.3.jar;C:\Users\91933\.m2\repository\org\springframework\security\spring-security-crypto\6.5.3\spring-security-crypto-6.5.3.jar;C:\Users\91933\.m2\repository\io\jsonwebtoken\jjwt-api\0.11.5\jjwt-api-0.11.5.jar;C:\Users\91933\.m2\repository\io\jsonwebtoken\jjwt-impl\0.11.5\jjwt-impl-0.11.5.jar;C:\Users\91933\.m2\repository\io\jsonwebtoken\jjwt-jackson\0.11.5\jjwt-jackson-0.11.5.jar;C:\Users\91933\.m2\repository\com\fasterxml\jackson\core\jackson-databind\2.19.2\jackson-databind-2.19.2.jar;C:\Users\91933\.m2\repository\com\fasterxml\jackson\core\jackson-annotations\2.19.2\jackson-annotations-2.19.2.jar;C:\Users\91933\.m2\repository\com\fasterxml\jackson\core\jackson-core\2.19.2\jackson-core-2.19.2.jar;C:\Users\91933\.m2\repository\io\jsonwebtoken\jjwt\0.9.1\jjwt-0.9.1.jar;C:\Users\91933\.m2\repository\software\amazon\awssdk\s3\2.20.38\s3-2.20.38.jar;C:\Users\91933\.m2\repository\software\amazon\awssdk\aws-xml-protocol\2.20.38\aws-xml-protocol-2.20.38.jar;C:\Users\91933\.m2\repository\software\amazon\awssdk\aws-query-protocol\2.20.38\aws-query-protocol-2.20.38.jar;C:\Users\91933\.m2\repository\software\amazon\awssdk\protocol-core\2.20.38\protocol-core-2.20.38.jar;C:\Users\91933\.m2\repository\software\amazon\awssdk\arns\2.20.38\arns-2.20.38.jar;C:\Users\91933\.m2\repository\software\amazon\awssdk\profiles\2.20.38\profiles-2.20.38.jar;C:\Users\91933\.m2\repository\software\amazon\awssdk\crt-core\2.20.38\crt-core-2.20.38.jar;C:\Users\91933\.m2\repository\software\amazon\awssdk\sdk-core\2.20.38\sdk-core-2.20.38.jar;C:\Users\91933\.m2\repository\org\reactivestreams\reactive-streams\1.0.4\reactive-streams-1.0.4.jar;C:\Users\91933\.m2\repository\software\amazon\awssdk\auth\2.20.38\auth-2.20.38.jar;C:\Users\91933\.m2\repository\software\amazon\eventstream\eventstream\1.0.1\eventstream-1.0.1.jar;C:\Users\91933\.m2\repository\software\amazon\awssdk\http-client-spi\2.20.38\http-client-spi-2.20.38.jar;C:\Users\91933\.m2\repository\software\amazon\awssdk\regions\2.20.38\regions-2.20.38.jar;C:\Users\91933\.m2\repository\software\amazon\awssdk\annotations\2.20.38\annotations-2.20.38.jar;C:\Users\91933\.m2\repository\software\amazon\awssdk\utils\2.20.38\utils-2.20.38.jar;C:\Users\91933\.m2\repository\software\amazon\awssdk\aws-core\2.20.38\aws-core-2.20.38.jar;C:\Users\91933\.m2\repository\software\amazon\awssdk\metrics-spi\2.20.38\metrics-spi-2.20.38.jar;C:\Users\91933\.m2\repository\software\amazon\awssdk\json-utils\2.20.38\json-utils-2.20.38.jar;C:\Users\91933\.m2\repository\software\amazon\awssdk\third-party-jackson-core\2.20.38\third-party-jackson-core-2.20.38.jar;C:\Users\91933\.m2\repository\software\amazon\awssdk\endpoints-spi\2.20.38\endpoints-spi-2.20.38.jar;C:\Users\91933\.m2\repository\software\amazon\awssdk\apache-client\2.20.38\apache-client-2.20.38.jar;C:\Users\91933\.m2\repository\org\apache\httpcomponents\httpcore\4.4.16\httpcore-4.4.16.jar;C:\Users\91933\.m2\repository\commons-codec\commons-codec\1.18.0\commons-codec-1.18.0.jar;C:\Users\91933\.m2\repository\software\amazon\awssdk\netty-nio-client\2.20.38\netty-nio-client-2.20.38.jar;C:\Users\91933\.m2\repository\io\netty\netty-codec-http\4.1.124.Final\netty-codec-http-4.1.124.Final.jar;C:\Users\91933\.m2\repository\io\netty\netty-codec-http2\4.1.124.Final\netty-codec-http2-4.1.124.Final.jar;C:\Users\91933\.m2\repository\io\netty\netty-codec\4.1.124.Final\netty-codec-4.1.124.Final.jar;C:\Users\91933\.m2\repository\io\netty\netty-transport\4.1.124.Final\netty-transport-4.1.124.Final.jar;C:\Users\91933\.m2\repository\io\netty\netty-resolver\4.1.124.Final\netty-resolver-4.1.124.Final.jar;C:\Users\91933\.m2\repository\io\netty\netty-common\4.1.124.Final\netty-common-4.1.124.Final.jar;C:\Users\91933\.m2\repository\io\netty\netty-buffer\4.1.124.Final\netty-buffer-4.1.124.Final.jar;C:\Users\91933\.m2\repository\io\netty\netty-handler\4.1.124.Final\netty-handler-4.1.124.Final.jar;C:\Users\91933\.m2\repository\io\netty\netty-transport-native-unix-common\4.1.124.Final\netty-transport-native-unix-common-4.1.124.Final.jar;C:\Users\91933\.m2\repository\io\netty\netty-transport-classes-epoll\4.1.124.Final\netty-transport-classes-epoll-4.1.124.Final.jar;C:\Users\91933\.m2\repository\com\konghq\unirest-java\3.13.6\unirest-java-3.13.6.jar;C:\Users\91933\.m2\repository\org\apache\httpcomponents\httpclient\4.5.13\httpclient-4.5.13.jar;C:\Users\91933\.m2\repository\commons-logging\commons-logging\1.2\commons-logging-1.2.jar;C:\Users\91933\.m2\repository\org\apache\httpcomponents\httpmime\4.5.13\httpmime-4.5.13.jar;C:\Users\91933\.m2\repository\org\apache\httpcomponents\httpcore-nio\4.4.16\httpcore-nio-4.4.16.jar;C:\Users\91933\.m2\repository\org\apache\httpcomponents\httpasyncclient\4.1.5\httpasyncclient-4.1.5.jar;C:\Users\91933\.m2\repository\com\google\code\gson\gson\2.13.1\gson-2.13.1.jar;C:\Users\91933\.m2\repository\com\google\errorprone\error_prone_annotations\2.38.0\error_prone_annotations-2.38.0.jar;C:\Users\91933\.m2\repository\org\springframework\boot\spring-boot-starter-mail\3.5.5\spring-boot-starter-mail-3.5.5.jar;C:\Users\91933\.m2\repository\org\springframework\spring-context-support\6.2.10\spring-context-support-6.2.10.jar;C:\Users\91933\.m2\repository\org\eclipse\angus\jakarta.mail\2.0.4\jakarta.mail-2.0.4.jar;C:\Users\91933\.m2\repository\org\eclipse\angus\angus-activation\2.0.2\angus-activation-2.0.2.jar
Launcher Type: SUN_STANDARD

[Global flags]
     intx CICompilerCount                          = 4                                         {product} {ergonomic}
     uint ConcGCThreads                            = 2                                         {product} {ergonomic}
     uint G1ConcRefinementThreads                  = 8                                         {product} {ergonomic}
   size_t G1HeapRegionSize                         = 1048576                                   {product} {ergonomic}
   size_t InitialHeapSize                          = 130023424                                 {product} {ergonomic}
     bool ManagementServer                         = true                                      {product} {command line}
   size_t MarkStackSize                            = 4194304                                   {product} {ergonomic}
   size_t MaxHeapSize                              = 2078277632                                {product} {ergonomic}
   size_t MinHeapDeltaBytes                        = 1048576                                   {product} {ergonomic}
   size_t MinHeapSize                              = 8388608                                   {product} {ergonomic}
    uintx NonNMethodCodeHeapSize                   = 4096                                   {pd product} {ergonomic}
    uintx NonProfiledCodeHeapSize                  = 0                                      {pd product} {ergonomic}
     bool ProfileInterpreter                       = false                                  {pd product} {command line}
    uintx ProfiledCodeHeapSize                     = 0                                      {pd product} {ergonomic}
     bool ShowCodeDetailsInExceptionMessages       = true                                   {manageable} {command line}
   size_t SoftMaxHeapSize                          = 2078277632                             {manageable} {ergonomic}
     intx TieredStopAtLevel                        = 1                                         {product} {command line}
     bool UseCompressedOops                        = true                           {product lp64_product} {ergonomic}
     bool UseG1GC                                  = true                                      {product} {ergonomic}
     bool UseLargePagesIndividualAllocation        = false                                  {pd product} {ergonomic}

Logging:
Log output configuration:
 #0: stdout all=warning uptime,level,tags foldmultilines=false
 #1: stderr all=off uptime,level,tags foldmultilines=false

Environment Variables:
PATH=D:/sts-5.0.0.RELEASE//plugins/org.eclipse.justj.openjdk.hotspot.jre.full.win32.x86_64_25.0.1.v20251108-1451/jre/bin/server;D:/sts-5.0.0.RELEASE//plugins/org.eclipse.justj.openjdk.hotspot.jre.full.win32.x86_64_25.0.1.v20251108-1451/jre/bin;C:\Users\91933\AppData\Local\Programs\Python\Python310;C:\Users\91933\AppData\Local\Programs\Python\Python310\Scripts\;C:\Program Files\Common Files\Oracle\Java\javapath;C:\Windows\system32;C:\Windows;C:\Windows\System32\Wbem;C:\Windows\System32\WindowsPowerShell\v1.0\;C:\Windows\System32\OpenSSH\;C:\WINDOWS\system32;C:\WINDOWS;C:\WINDOWS\System32\Wbem;C:\WINDOWS\System32\WindowsPowerShell\v1.0\;C:\WINDOWS\System32\OpenSSH\;C:\MinGW\bin;C:\Program Files\dotnet\;C:\ProgramData\chocolatey\bin;C:\React\;C:\React;C:\Users\91933\AppData\Roaming\nvm;C:\Program Files\nodejs;C:\Program Files\Git\cmd;C:\Program Files\Git\mingw64\bin;C:\Program Files\Git\usr\bin;C:\Users\91933\AppData\Local\Programs\Python\Python310\;C:\Users\91933\AppData\Local\Programs\Python\Python310\Scripts\;C:\Program Files\MySQL\MySQL Shell 8.0\bin\;C:\Users\91933\AppData\Local\Programs\Microsoft VS Code\bin;C:\MinGW\mingw32\bin;C:\Users\91933\AppData\Local\GitHubDesktop\bin;C:\Users\91933\AppData\Roaming\npm;C:\Users\91933\AppData\Roaming\nvm;C:\Program Files\nodejs;C:\Users\91933\AppData\Local\Programs\mongosh\;;D:\sts-5.0.0.RELEASE;
USERNAME=91933
OS=Windows_NT
PROCESSOR_IDENTIFIER=Intel64 Family 6 Model 140 Stepping 1, GenuineIntel
TMP=C:\Users\91933\AppData\Local\Temp
TEMP=C:\Users\91933\AppData\Local\Temp




Periodic native trim disabled

---------------  S Y S T E M  ---------------

OS:
 Windows 11 , 64 bit Build 26100 (10.0.26100.7309)
OS uptime: 6 days 9:15 hours
Hyper-V role detected

CPU: total 8 (initial active 8) (4 cores per cpu, 2 threads per core) family 6 model 140 stepping 1 microcode 0xbc, cx8, cmov, fxsr, ht, mmx, 3dnowpref, sse, sse2, sse3, ssse3, sse4.1, sse4.2, popcnt, lzcnt, tsc, tscinvbit, avx, avx2, aes, erms, clmul, bmi1, bmi2, adx, avx512f, avx512dq, avx512cd, avx512bw, avx512vl, sha, fma, vzeroupper, avx512_vpopcntdq, avx512_vpclmulqdq, avx512_vaes, avx512_vnni, clflush, clflushopt, clwb, avx512_vbmi2, avx512_vbmi, hv, rdtscp, rdpid, fsrm, gfni, avx512_bitalg, f16c, cet_ibt, cet_ss, avx512_ifma
Processor Information for all 8 processors :
  Max Mhz: 2419, Current Mhz: 2419, Mhz Limit: 2419

Memory: 4k page, system-wide physical 7926M (599M free)
TotalPageFile size 29641M (AvailPageFile size 78M)
current process WorkingSet (physical memory assigned to process): 14M, peak: 14M
current process commit charge ("private bytes"): 56M, peak: 179M

vm_info: Java HotSpot(TM) 64-Bit Server VM (22.0.1+8-16) for windows-amd64 JRE (22.0.1+8-16), built on 2024-03-12T10:33:16Z by "mach5one" with MS VC++ 17.6 (VS2022)

END.
